{
  "RSpec": {
    "coverage": {
      "/Users/benton/Projects/sweatpants/request.rb": [
        1,
        null,
        1,
        4,
        4,
        4,
        4,
        4,
        null,
        null,
        1,
        1,
        null,
        null,
        1,
        1,
        1,
        1,
        null,
        null
      ],
      "/Users/benton/Projects/sweatpants/spec/sweatpants_spec.rb": [
        1,
        1,
        null,
        1,
        1,
        1,
        1,
        1,
        1,
        null,
        null,
        null,
        1,
        null,
        1,
        3,
        3,
        3,
        null,
        null,
        1,
        1,
        1,
        null,
        null,
        1,
        1,
        1,
        1,
        null,
        null,
        1,
        1,
        1,
        1,
        null,
        null,
        null
      ],
      "/Users/benton/Projects/sweatpants/sweatpants.rb": [
        1,
        1,
        1,
        1,
        null,
        1,
        null,
        1,
        null,
        1,
        4,
        4,
        4,
        4,
        4,
        4,
        null,
        null,
        null,
        null,
        1,
        0,
        0,
        0,
        0,
        null,
        0,
        null,
        0,
        null,
        null,
        null,
        null,
        1,
        null,
        3,
        1,
        null,
        2,
        null,
        null,
        null,
        1,
        null,
        1,
        1,
        1,
        null,
        null,
        1,
        3,
        3,
        3,
        null,
        null
      ],
      "/Users/benton/Projects/sweatpants/queue.rb": [
        1,
        null,
        1,
        1,
        4,
        null,
        null,
        1,
        1,
        null,
        null,
        1,
        0,
        null,
        null,
        1,
        0,
        0,
        null,
        null,
        null,
        1,
        0,
        null,
        null,
        null,
        1,
        1,
        0,
        0,
        0,
        null,
        null,
        1,
        0,
        null,
        null,
        1,
        0,
        0,
        null,
        null,
        1,
        1,
        0,
        0,
        0,
        null,
        null,
        null,
        1,
        0,
        null,
        null,
        null,
        null
      ],
      "/Users/benton/Projects/sweatpants/timer.rb": [
        1,
        1,
        1,
        8,
        8,
        8,
        null,
        null,
        1,
        8,
        8,
        8,
        0,
        null,
        null,
        null,
        null,
        1,
        2,
        null,
        null,
        1,
        10,
        9,
        null,
        null
      ],
      "/Users/benton/Projects/sweatpants/spec/timer_spec.rb": [
        1,
        1,
        null,
        1,
        null,
        1,
        4,
        null,
        null,
        1,
        null,
        1,
        null,
        1,
        4,
        null,
        null,
        1,
        1,
        null,
        null,
        null,
        1,
        1,
        2,
        null,
        null,
        null,
        null,
        1,
        null,
        1,
        null,
        1,
        1,
        1,
        null,
        1,
        1,
        null,
        null,
        1,
        1,
        null,
        null,
        null,
        1,
        1,
        1,
        1,
        null,
        null,
        null,
        1,
        1,
        1,
        null,
        null,
        null,
        null
      ]
    },
    "timestamp": 1393974380
  }
}
